#
# A fatal error has been detected by the Java Runtime Environment:
#
#  EXCEPTION_ACCESS_VIOLATION (0xc0000005) at pc=0x000000006d5c351d, pid=5984, tid=6024
#
# JRE version: 6.0_25-b06
# Java VM: Java HotSpot(TM) 64-Bit Server VM (20.0-b11 mixed mode windows-amd64 compressed oops)
# Problematic frame:
# C  [jsound.dll+0x1351d]
#
# If you would like to submit a bug report, please visit:
#   http://java.sun.com/webapps/bugreport/crash.jsp
# The crash happened outside the Java Virtual Machine in native code.
# See problematic frame for where to report the bug.
#

---------------  T H R E A D  ---------------

Current thread (0x000000000d51a000):  JavaThread "Headspace mixer frame proc thread" daemon [_thread_in_native, id=6024, stack(0x0000000012bc0000,0x0000000012cc0000)]

siginfo: ExceptionCode=0xc0000005, reading address 0x0000000000000000

Registers:
RAX=0x0000000000000000, RBX=0x000000000ef33760, RCX=0x0000000000000080, RDX=0x0000000000000000
RSP=0x0000000012cbf090, RBP=0x0000000000000000, RSI=0x000000000ef42368, RDI=0x0000000000000000
R8 =0x0000000000000000, R9 =0x00000000fffff000, R10=0x0000000000000000, R11=0x0000000000000000
R12=0x0000000000000000, R13=0x0000000000000000, R14=0x000000000d51a1d0, R15=0x0000000000000000
RIP=0x000000006d5c351d, EFLAGS=0x0000000000010246

Top of Stack: (sp=0x0000000012cbf090)
0x0000000012cbf090:   0000000000200298 0000000077102fd1
0x0000000012cbf0a0:   0000000000000000 0000000000000018
0x0000000012cbf0b0:   0000000000000000 0000000000000080
0x0000000012cbf0c0:   0000020000000000 000000000d51a1d0
0x0000000012cbf0d0:   000000000ef33760 0000000000000001
0x0000000012cbf0e0:   0000000000000000 0000000000000003
0x0000000012cbf0f0:   0000000000000000 0000000000000000
0x0000000012cbf100:   000000000d51a1d0 0000000000000000
0x0000000012cbf110:   000000000ef33760 000000006d5c0884
0x0000000012cbf120:   0000000000000000 000000000d51a1d0
0x0000000012cbf130:   000000000d51a1d0 0000000000000000
0x0000000012cbf140:   0000000000000040 000000000d51a000
0x0000000012cbf150:   0000000012cbf710 000000000d51a1d0
0x0000000012cbf160:   000000000d51a1d0 000000000ef33760
0x0000000012cbf170:   0000000000000020 000000000d51a1d0
0x0000000012cbf180:   000000000ef24460 000000006d5c0b4e 

Instructions: (pc=0x000000006d5c351d)
0x000000006d5c34fd:   28 41 c1 e1 0c 41 c1 e2 0c 8b c7 8b d7 41 03 fb
0x000000006d5c350d:   c1 e8 0c 81 e2 ff 0f 00 00 44 8d 04 00 4c 03 c5
0x000000006d5c351d:   41 0f b6 08 41 0f b6 40 02 2b c1 0f af c2 c1 f8
0x000000006d5c352d:   0c 8d 44 08 80 41 0f af c4 01 06 41 0f b6 48 01 


Register to memory mapping:

RAX=0x0000000000000000 is an unknown value
RBX=0x000000000ef33760 is an unknown value
RCX=0x0000000000000080 is an unknown value
RDX=0x0000000000000000 is an unknown value
RSP=0x0000000012cbf090 is pointing into the stack for thread: 0x000000000d51a000
RBP=0x0000000000000000 is an unknown value
RSI=0x000000000ef42368 is an unknown value
RDI=0x0000000000000000 is an unknown value
R8 =0x0000000000000000 is an unknown value
R9 =0x00000000fffff000 is an unallocated location in the heap
R10=0x0000000000000000 is an unknown value
R11=0x0000000000000000 is an unknown value
R12=0x0000000000000000 is an unknown value
R13=0x0000000000000000 is an unknown value
R14=0x000000000d51a1d0 is an unknown value
R15=0x0000000000000000 is an unknown value


Stack: [0x0000000012bc0000,0x0000000012cc0000],  sp=0x0000000012cbf090,  free space=1020k
Native frames: (J=compiled Java code, j=interpreted, Vv=VM code, C=native code)
C  [jsound.dll+0x1351d]  Java_com_sun_media_sound_Platform_nGetLibraryForFeature+0xf355

[error occurred during error reporting (printing native stack), id 0xc0000005]

Java frames: (J=compiled Java code, j=interpreted, Vv=VM code)
j  com.sun.media.sound.MixerThread.runNative(J)V+0
j  com.sun.media.sound.MixerThread.run()V+5
v  ~StubRoutines::call_stub

---------------  P R O C E S S  ---------------

Java Threads: ( => current thread )
=>0x000000000d51a000 JavaThread "Headspace mixer frame proc thread" daemon [_thread_in_native, id=6024, stack(0x0000000012bc0000,0x0000000012cc0000)]
  0x000000000d519000 JavaThread "Java Sound Event Dispatcher" daemon [_thread_blocked, id=3164, stack(0x00000000128c0000,0x00000000129c0000)]
  0x000000000750e000 JavaThread "Thread-5" [_thread_blocked, id=5840, stack(0x000000000d230000,0x000000000d330000)]
  0x000000000750d800 JavaThread "Thread-4" [_thread_in_Java, id=4328, stack(0x000000000c3a0000,0x000000000c4a0000)]
  0x000000000750d000 JavaThread "AWT-EventQueue-1" [_thread_in_Java, id=5888, stack(0x000000000c5a0000,0x000000000c6a0000)]
  0x000000000059c000 JavaThread "DestroyJavaVM" [_thread_blocked, id=2740, stack(0x0000000001f90000,0x0000000002090000)]
  0x00000000074d8000 JavaThread "D3D Screen Updater" daemon [_thread_blocked, id=5136, stack(0x000000000c1c0000,0x000000000c2c0000)]
  0x00000000074b5000 JavaThread "AWT-EventQueue-0" [_thread_blocked, id=5704, stack(0x000000000a750000,0x000000000a850000)]
  0x00000000061fc000 JavaThread "thread applet-rv.RobotVillage.class" [_thread_blocked, id=5400, stack(0x000000000a650000,0x000000000a750000)]
  0x0000000006159000 JavaThread "AWT-Windows" daemon [_thread_in_native, id=2280, stack(0x0000000007c80000,0x0000000007d80000)]
  0x0000000006156800 JavaThread "AWT-Shutdown" [_thread_blocked, id=5792, stack(0x0000000007b80000,0x0000000007c80000)]
  0x0000000006153800 JavaThread "Java2D Disposer" daemon [_thread_blocked, id=1288, stack(0x0000000007a80000,0x0000000007b80000)]
  0x00000000060d7000 JavaThread "Low Memory Detector" daemon [_thread_blocked, id=5464, stack(0x0000000007190000,0x0000000007290000)]
  0x00000000060b2800 JavaThread "C2 CompilerThread1" daemon [_thread_blocked, id=6068, stack(0x0000000007090000,0x0000000007190000)]
  0x000000000609c000 JavaThread "C2 CompilerThread0" daemon [_thread_blocked, id=4252, stack(0x0000000006f90000,0x0000000007090000)]
  0x0000000006099800 JavaThread "Attach Listener" daemon [_thread_blocked, id=3172, stack(0x0000000006e90000,0x0000000006f90000)]
  0x0000000006098800 JavaThread "Signal Dispatcher" daemon [_thread_blocked, id=5732, stack(0x0000000006d90000,0x0000000006e90000)]
  0x0000000006048800 JavaThread "Finalizer" daemon [_thread_blocked, id=3232, stack(0x0000000006c90000,0x0000000006d90000)]
  0x0000000006042000 JavaThread "Reference Handler" daemon [_thread_blocked, id=3132, stack(0x0000000006b90000,0x0000000006c90000)]

Other Threads:
  0x0000000006036000 VMThread [stack: 0x0000000006a90000,0x0000000006b90000] [id=652]
  0x00000000060e8000 WatcherThread [stack: 0x0000000007290000,0x0000000007390000] [id=5948]

VM state:not at safepoint (normal execution)

VM Mutex/Monitor currently owned by a thread: None

Heap
 PSYoungGen      total 114688K, used 103760K [0x00000000e00b0000, 0x00000000ee180000, 0x0000000100000000)
  eden space 114432K, 90% used [0x00000000e00b0000,0x00000000e65cc158,0x00000000e7070000)
  from space 256K, 87% used [0x00000000ee140000,0x00000000ee178000,0x00000000ee180000)
  to   space 320K, 0% used [0x00000000ee0e0000,0x00000000ee0e0000,0x00000000ee130000)
 PSOldGen        total 67776K, used 50581K [0x00000000a0200000, 0x00000000a4430000, 0x00000000e00b0000)
  object space 67776K, 74% used [0x00000000a0200000,0x00000000a33655c0,0x00000000a4430000)
 PSPermGen       total 23232K, used 11820K [0x000000009b000000, 0x000000009c6b0000, 0x00000000a0200000)
  object space 23232K, 50% used [0x000000009b000000,0x000000009bb8b110,0x000000009c6b0000)

Code Cache  [0x0000000002090000, 0x0000000002300000, 0x0000000005090000)
 total_blobs=1010 nmethods=599 adapters=364 free_code_cache=48330112 largest_free_block=17536

Dynamic libraries:
0x0000000000400000 - 0x000000000042e000 	C:\Program Files\Java\jdk1.6.0_25\bin\javaw.exe
0x0000000077350000 - 0x00000000774f9000 	C:\Windows\SYSTEM32\ntdll.dll
0x00000000770e0000 - 0x00000000771ff000 	C:\Windows\system32\kernel32.dll
0x000007fefd860000 - 0x000007fefd8cb000 	C:\Windows\system32\KERNELBASE.dll
0x000007feff240000 - 0x000007feff31b000 	C:\Windows\system32\ADVAPI32.dll
0x000007feff320000 - 0x000007feff3bf000 	C:\Windows\system32\msvcrt.dll
0x000007feff3c0000 - 0x000007feff3df000 	C:\Windows\SYSTEM32\sechost.dll
0x000007fefefe0000 - 0x000007feff10d000 	C:\Windows\system32\RPCRT4.dll
0x0000000076e80000 - 0x0000000076f7a000 	C:\Windows\system32\USER32.dll
0x000007fefdbe0000 - 0x000007fefdc47000 	C:\Windows\system32\GDI32.dll
0x000007fefefd0000 - 0x000007fefefde000 	C:\Windows\system32\LPK.dll
0x000007fefed10000 - 0x000007fefedd9000 	C:\Windows\system32\USP10.dll
0x000007feff130000 - 0x000007feff15e000 	C:\Windows\system32\IMM32.DLL
0x000007feff430000 - 0x000007feff539000 	C:\Windows\system32\MSCTF.dll
0x000000006d890000 - 0x000000006e048000 	C:\Program Files\Java\jdk1.6.0_25\jre\bin\server\jvm.dll
0x000007fefa9a0000 - 0x000007fefa9db000 	C:\Windows\system32\WINMM.dll
0x000000006d800000 - 0x000000006d80e000 	C:\Program Files\Java\jdk1.6.0_25\jre\bin\verify.dll
0x000000006d450000 - 0x000000006d477000 	C:\Program Files\Java\jdk1.6.0_25\jre\bin\java.dll
0x0000000077520000 - 0x0000000077527000 	C:\Windows\system32\PSAPI.DLL
0x000000006d850000 - 0x000000006d862000 	C:\Program Files\Java\jdk1.6.0_25\jre\bin\zip.dll
0x000000006d0a0000 - 0x000000006d263000 	C:\Program Files\Java\jdk1.6.0_25\jre\bin\awt.dll
0x000007fefa6c0000 - 0x000007fefa731000 	C:\Windows\system32\WINSPOOL.DRV
0x000007fefdc50000 - 0x000007fefde53000 	C:\Windows\system32\ole32.dll
0x000007fefde60000 - 0x000007fefebe8000 	C:\Windows\system32\SHELL32.dll
0x000007fefec90000 - 0x000007fefed01000 	C:\Windows\system32\SHLWAPI.dll
0x000007fefbf10000 - 0x000007fefc104000 	C:\Windows\WinSxS\amd64_microsoft.windows.common-controls_6595b64144ccf1df_6.0.7601.17514_none_fa396087175ac9ac\COMCTL32.dll
0x000007fefbae0000 - 0x000007fefbaf8000 	C:\Windows\system32\DWMAPI.DLL
0x000007fefbeb0000 - 0x000007fefbf06000 	C:\Windows\system32\uxtheme.dll
0x000000006d340000 - 0x000000006d3a6000 	C:\Program Files\Java\jdk1.6.0_25\jre\bin\fontmanager.dll
0x000007fefd680000 - 0x000007fefd68f000 	C:\Windows\system32\CRYPTBASE.dll
0x000007feedb90000 - 0x000007feedd8f000 	C:\Windows\system32\d3d9.dll
0x000007fefd310000 - 0x000007fefd31c000 	C:\Windows\system32\VERSION.dll
0x000007fefd150000 - 0x000007fefd157000 	C:\Windows\system32\d3d8thk.dll
0x000007fef1210000 - 0x000007fef1e75000 	C:\Windows\system32\nvd3dumx.dll
0x000007fefd100000 - 0x000007fefd12c000 	C:\Windows\system32\powrprof.dll
0x000007fefedf0000 - 0x000007fefefc7000 	C:\Windows\system32\SETUPAPI.dll
0x000007fefd9d0000 - 0x000007fefda06000 	C:\Windows\system32\CFGMGR32.dll
0x000007feff160000 - 0x000007feff237000 	C:\Windows\system32\OLEAUT32.dll
0x000007fefd910000 - 0x000007fefd92a000 	C:\Windows\system32\DEVOBJ.dll
0x000000006d6a0000 - 0x000000006d6b7000 	C:\Program Files\Java\jdk1.6.0_25\jre\bin\net.dll
0x000007feff3e0000 - 0x000007feff42d000 	C:\Windows\system32\WS2_32.dll
0x000007fefede0000 - 0x000007fefede8000 	C:\Windows\system32\NSI.dll
0x000007fefcd20000 - 0x000007fefcd75000 	C:\Windows\system32\mswsock.dll
0x000007fefcd10000 - 0x000007fefcd17000 	C:\Windows\System32\wship6.dll
0x000000006d6c0000 - 0x000000006d6cb000 	C:\Program Files\Java\jdk1.6.0_25\jre\bin\nio.dll
0x000007fefebf0000 - 0x000007fefec89000 	C:\Windows\system32\CLBCatQ.DLL
0x000000006d5b0000 - 0x000000006d5de000 	C:\Program Files\Java\jdk1.6.0_25\jre\bin\jsound.dll
0x000007fefc530000 - 0x000007fefc57b000 	C:\Windows\system32\MMDevAPI.DLL
0x000007fefc400000 - 0x000007fefc52c000 	C:\Windows\system32\PROPSYS.dll
0x000007fefb930000 - 0x000007fefb96b000 	C:\Windows\system32\wdmaud.drv
0x0000000073680000 - 0x0000000073686000 	C:\Windows\system32\ksuser.dll
0x000007fefd300000 - 0x000007fefd309000 	C:\Windows\system32\AVRT.dll
0x000007fef4810000 - 0x000007fef485f000 	C:\Windows\system32\AUDIOSES.DLL
0x000007fefb900000 - 0x000007fefb90a000 	C:\Windows\system32\msacm32.drv
0x000007fefb8e0000 - 0x000007fefb8f8000 	C:\Windows\system32\MSACM32.dll
0x000007fefb8d0000 - 0x000007fefb8d9000 	C:\Windows\system32\midimap.dll
0x000007fef09e0000 - 0x000007fef0b05000 	C:\Windows\system32\dbghelp.dll

VM Arguments:
jvm_args: -Djava.security.policy=java.policy.applet -Dfile.encoding=Cp1252 
java_command: sun.applet.AppletViewer rv.RobotVillage1304278957592.html
Launcher Type: SUN_STANDARD

Environment Variables:
PATH=C:\Program Files\NVIDIA GPU Computing Toolkit\CUDA\v4.0\bin\;C:\Program Files\Common Files\Microsoft Shared\Windows Live;C:\Program Files (x86)\NVIDIA Corporation\PhysX\Common;C:\Windows\system32;C:\Windows;C:\Windows\System32\Wbem;C:\Program Files (x86)\SHA1Sum;C:\Users\quadtree\Documents\SDK\lua-5.1.4\luai\Release;C:\Program Files (x86)\Microsoft SQL Server\100\Tools\Binn\;C:\Program Files\Microsoft SQL Server\100\Tools\Binn\;C:\Program Files\Microsoft SQL Server\100\DTS\Binn\;C:\Windows\System32\WindowsPowerShell\v1.0\;c:\Program Files (x86)\Microsoft SQL Server\90\Tools\binn\;C:\Program Files (x86)\Microsoft SQL Server\100\Tools\Binn\VSShell\Common7\IDE\;C:\Program Files (x86)\Microsoft SQL Server\100\DTS\Binn\;C:\Program Files (x86)\doxygen\bin;C:\Program Files (x86)\Java\jdk1.6.0_18\bin;c:\MinGW\bin;c:\MSYS\bin;C:\Program Files\TortoiseSVN\bin;C:\Program Files\TortoiseHg\
USERNAME=quadtree
OS=Windows_NT
PROCESSOR_IDENTIFIER=Intel64 Family 6 Model 26 Stepping 5, GenuineIntel



---------------  S Y S T E M  ---------------

OS: Windows 7 Build 7601 Service Pack 1

CPU:total 8 (4 cores per cpu, 2 threads per core) family 6 model 26 stepping 5, cmov, cx8, fxsr, mmx, sse, sse2, sse3, ssse3, sse4.1, sse4.2, popcnt, ht

Memory: 4k page, physical 6281336k(2819852k free), swap 12560828k(8392192k free)

vm_info: Java HotSpot(TM) 64-Bit Server VM (20.0-b11) for windows-amd64 JRE (1.6.0_25-b06), built on Apr 14 2011 00:44:38 by "java_re" with MS VC++ 8.0 (VS2005)

time: Sun May 01 12:47:15 2011
elapsed time: 280 seconds

